A51 MACRO ASSEMBLER  T3_1KHZ_SQUARE_WAVE                                                  03/25/2021 08:38:51 PAGE     1


MACRO ASSEMBLER A51 V8.2.7.0
OBJECT MODULE PLACED IN .\Objects\T3_1kHz_square_wave.obj
ASSEMBLER INVOKED BY: C:\Keil_v5\C51\BIN\A51.EXE T3_1kHz_square_wave.ASM SET(SMALL) DEBUG PRINT(.\Listings\T3_1kHz_squar
                      e_wave.lst) OBJECT(.\Objects\T3_1kHz_square_wave.obj) EP

LOC  OBJ            LINE     SOURCE

0000                   1     ORG 0000H
0000 758910            2     MOV TMOD, #10H
0003 758A33            3     HERE:MOV TL0, #33H
0006 758CFE            4     MOV TH0, #0FEH
0009 B290              5     CPL P1.0
000B 110F              6     ACALL DELAY
000D 80F4              7     SJMP HERE
000F D28E              8     DELAY:SETB TR1
0011 308FFD            9     AGAIN:JNB TF1, AGAIN
0014 C28E             10     CLR TR1
0016 C28F             11     CLR TF1
0018 22               12     RET
                      13     END
A51 MACRO ASSEMBLER  T3_1KHZ_SQUARE_WAVE                                                  03/25/2021 08:38:51 PAGE     2

SYMBOL TABLE LISTING
------ ----- -------


N A M E             T Y P E  V A L U E   ATTRIBUTES

AGAIN. . . . . . .  C ADDR   0011H   A   
DELAY. . . . . . .  C ADDR   000FH   A   
HERE . . . . . . .  C ADDR   0003H   A   
P1 . . . . . . . .  D ADDR   0090H   A   
TF1. . . . . . . .  B ADDR   0088H.7 A   
TH0. . . . . . . .  D ADDR   008CH   A   
TL0. . . . . . . .  D ADDR   008AH   A   
TMOD . . . . . . .  D ADDR   0089H   A   
TR1. . . . . . . .  B ADDR   0088H.6 A   


REGISTER BANK(S) USED: 0 


ASSEMBLY COMPLETE.  0 WARNING(S), 0 ERROR(S)
