A51 MACRO ASSEMBLER  T6_INTERRUPT_P0_P1                                                   05/08/2021 18:08:28 PAGE     1


MACRO ASSEMBLER A51 V8.2.7.0
OBJECT MODULE PLACED IN .\Objects\T6_Interrupt_P0_P1.obj
ASSEMBLER INVOKED BY: C:\Keil_v5\C51\BIN\A51.EXE T6_Interrupt_P0_P1.ASM SET(SMALL) DEBUG PRINT(.\Listings\T6_Interrupt_P
                      0_P1.lst) OBJECT(.\Objects\T6_Interrupt_P0_P1.obj) EP

LOC  OBJ            LINE     SOURCE

0000                   1     ORG 0000H
0000 020030            2     LJMP MAIN  
000B                   3     ORG 000BH  
000B B2A1              4     CPL P2.1  
000D 32                5     RETI  
0030                   6     ORG 0030H  
0030 758902            7     MAIN:MOV TMOD,#02H  
0033 7580FF            8     MOV P0,#0FFH  
0036 758CA4            9     MOV TH0,#-92  
0039 75A882           10     MOV IE,#10000010B  
003C D28C             11     SETB TR0  
003E E580             12     BACK:MOV A,P0  
0040 F590             13     MOV P1,A  
0042 80FA             14     SJMP BACK  
                      15     END
A51 MACRO ASSEMBLER  T6_INTERRUPT_P0_P1                                                   05/08/2021 18:08:28 PAGE     2

SYMBOL TABLE LISTING
------ ----- -------


N A M E             T Y P E  V A L U E   ATTRIBUTES

BACK . . . . . . .  C ADDR   003EH   A   
IE . . . . . . . .  D ADDR   00A8H   A   
MAIN . . . . . . .  C ADDR   0030H   A   
P0 . . . . . . . .  D ADDR   0080H   A   
P1 . . . . . . . .  D ADDR   0090H   A   
P2 . . . . . . . .  D ADDR   00A0H   A   
TH0. . . . . . . .  D ADDR   008CH   A   
TMOD . . . . . . .  D ADDR   0089H   A   
TR0. . . . . . . .  B ADDR   0088H.4 A   


REGISTER BANK(S) USED: 0 


ASSEMBLY COMPLETE.  0 WARNING(S), 0 ERROR(S)
