A51 MACRO ASSEMBLER  T6_INTERRUPT_SERIAL                                                  05/08/2021 17:40:16 PAGE     1


MACRO ASSEMBLER A51 V8.2.7.0
OBJECT MODULE PLACED IN .\Objects\T6_Interrupt_Serial.obj
ASSEMBLER INVOKED BY: C:\Keil_v5\C51\BIN\A51.EXE T6_Interrupt_Serial.ASM SET(SMALL) DEBUG PRINT(.\Listings\T6_Interrupt_
                      Serial.lst) OBJECT(.\Objects\T6_Interrupt_Serial.obj) EP

LOC  OBJ            LINE     SOURCE

0000                   1     ORG 0000H
0000 020030            2     LJMP MAIN
0023                   3     ORG 0023H ; ----serial interrupt vector table
0023 020046            4     LJMP SERIAL
0030                   5     ORG 0030H ;-- after vector table space
0030 D292              6     MAIN:SETB P1.2 ; -- P1.2 made as input pin
0032 758920            7     MOV TMOD,#20H ; -- timer 1 mode 2
0035 758DFD            8     MOV TH1,#-3 ;-- set baud rate 9600
0038 759850            9     MOV SCON ,#50H ; -- one stop bit
003B 75A890           10     MOV IE,#10010000B ; -- serial int. enabled.
003E D28E             11     SETB TR1 ;-- Timer 1 stared.
0040 A292             12     BACK:MOV C,P1.2
0042 9297             13     MOV P1.7,C
0044 80FA             14     SJMP BACK
0046 209907           15     SERIAL:JB TI,TRANS
0049 E599             16     MOV A,SBUF
004B F5A0             17     MOV P2,A
004D C298             18     CLR RI
004F 32               19     RETI
0050 C299             20     TRANS:CLR TI
0052 32               21     RETI
                      22     END
A51 MACRO ASSEMBLER  T6_INTERRUPT_SERIAL                                                  05/08/2021 17:40:16 PAGE     2

SYMBOL TABLE LISTING
------ ----- -------


N A M E             T Y P E  V A L U E   ATTRIBUTES

BACK . . . . . . .  C ADDR   0040H   A   
IE . . . . . . . .  D ADDR   00A8H   A   
MAIN . . . . . . .  C ADDR   0030H   A   
P1 . . . . . . . .  D ADDR   0090H   A   
P2 . . . . . . . .  D ADDR   00A0H   A   
RI . . . . . . . .  B ADDR   0098H.0 A   
SBUF . . . . . . .  D ADDR   0099H   A   
SCON . . . . . . .  D ADDR   0098H   A   
SERIAL . . . . . .  C ADDR   0046H   A   
TH1. . . . . . . .  D ADDR   008DH   A   
TI . . . . . . . .  B ADDR   0098H.1 A   
TMOD . . . . . . .  D ADDR   0089H   A   
TR1. . . . . . . .  B ADDR   0088H.6 A   
TRANS. . . . . . .  C ADDR   0050H   A   


REGISTER BANK(S) USED: 0 


ASSEMBLY COMPLETE.  0 WARNING(S), 0 ERROR(S)
